<?xml version="1.0" encoding="UTF-8"?>
<testng-results total="1" passed="1" failed="0" skipped="0">
  <reporter-output>
  </reporter-output>
  <suite started-at="2021-06-15T07:52:22Z" name="TestNGTestSuite" finished-at="2021-06-15T07:52:22Z" duration-ms="63">
    <groups>
    </groups>
    <test started-at="2021-06-15T07:52:22Z" name="TestNGTests" finished-at="2021-06-15T07:52:22Z" duration-ms="63">
      <class name="org.TestAuto.Tests.LoginTest">
        <test-method is-config="true" signature="Beforetestmethod()[pri:0, instance:org.TestAuto.Tests.LoginTest@62379589]" started-at="2021-06-15T15:52:22Z" name="Beforetestmethod" finished-at="2021-06-15T15:52:22Z" duration-ms="9" status="PASS">
          <reporter-output>
          </reporter-output>
        </test-method> <!-- Beforetestmethod -->
        <test-method signature="Duringtest()[pri:0, instance:org.TestAuto.Tests.LoginTest@62379589]" started-at="2021-06-15T15:52:22Z" name="Duringtest" finished-at="2021-06-15T15:52:22Z" duration-ms="4" status="PASS">
          <reporter-output>
          </reporter-output>
        </test-method> <!-- Duringtest -->
        <test-method is-config="true" signature="Aftertestmethod()[pri:0, instance:org.TestAuto.Tests.LoginTest@62379589]" started-at="2021-06-15T15:52:22Z" name="Aftertestmethod" finished-at="2021-06-15T15:52:22Z" duration-ms="1" status="PASS">
          <reporter-output>
          </reporter-output>
        </test-method> <!-- Aftertestmethod -->
      </class> <!-- org.TestAuto.Tests.LoginTest -->
    </test> <!-- TestNGTests -->
  </suite> <!-- TestNGTestSuite -->
</testng-results>
