<?xml version="1.0" encoding="UTF-8"?>
<testng-results ignored="0" total="1" passed="1" failed="0" skipped="0">
  <reporter-output>
  </reporter-output>
  <suite started-at="2021-06-15T14:53:08 SGT" name="Default suite" finished-at="2021-06-15T14:53:08 SGT" duration-ms="104">
    <groups>
    </groups>
    <test started-at="2021-06-15T14:53:08 SGT" name="Default test" finished-at="2021-06-15T14:53:08 SGT" duration-ms="104">
      <class name="LoginTest">
        <test-method is-config="true" signature="Beforetestmethod()[pri:0, instance:LoginTest@46fa7c39]" started-at="2021-06-15T14:53:08 SGT" name="Beforetestmethod" finished-at="2021-06-15T14:53:08 SGT" duration-ms="32" status="PASS">
          <reporter-output>
          </reporter-output>
        </test-method> <!-- Beforetestmethod -->
        <test-method signature="Duringtest()[pri:0, instance:LoginTest@46fa7c39]" started-at="2021-06-15T14:53:08 SGT" name="Duringtest" finished-at="2021-06-15T14:53:08 SGT" duration-ms="13" status="PASS">
          <reporter-output>
          </reporter-output>
        </test-method> <!-- Duringtest -->
        <test-method is-config="true" signature="Aftertestmethod()[pri:0, instance:LoginTest@46fa7c39]" started-at="2021-06-15T14:53:08 SGT" name="Aftertestmethod" finished-at="2021-06-15T14:53:08 SGT" duration-ms="0" status="PASS">
          <reporter-output>
          </reporter-output>
        </test-method> <!-- Aftertestmethod -->
      </class> <!-- LoginTest -->
    </test> <!-- Default test -->
  </suite> <!-- Default suite -->
</testng-results>
